# JRE version: OpenJDK Runtime Environment Temurin-17.0.5+8 (17.0.5+8) (build 17.0.5+8)
# Java VM: OpenJDK 64-Bit Server VM Temurin-17.0.5+8 (17.0.5+8, mixed mode, emulated-client, tiered, compressed oops, compressed class ptrs, g1 gc, windows-amd64)
GC Precious Log:
 CPUs: 4 total, 4 available
 Memory: 8150M
 Large Page Support: Disabled
 NUMA Support: Disabled
 Compressed Oops: Enabled (32-bit)
 Heap Region Size: 1M
 Heap Min Capacity: 8M
 Heap Initial Capacity: 128M
 Heap Max Capacity: 2038M
 Pre-touch: Disabled
 Parallel Workers: 4
 Concurrent Workers: 1
 Concurrent Refinement Workers: 4
 Periodic GC: Disabled
Heap:
 garbage-first heap   total 233472K, used 90687K [0x0000000080a00000, 0x0000000100000000)
  region size 1024K, 7 young (7168K), 7 survivors (7168K)
 Metaspace       used 45329K, committed 45824K, reserved 1089536K
  class space    used 5710K, committed 5952K, reserved 1048576K
GC Heap History (20 events):
Event: 3.930 GC heap after
{Heap after GC invocations=14 (full 0):
 garbage-first heap   total 71680K, used 34672K [0x0000000080a00000, 0x0000000100000000)
  region size 1024K, 4 young (4096K), 4 survivors (4096K)
 Metaspace       used 38282K, committed 38720K, reserved 1089536K
  class space    used 4938K, committed 5120K, reserved 1048576K
}
Event: 3.975 GC heap before
{Heap before GC invocations=14 (full 0):
 garbage-first heap   total 71680K, used 54128K [0x0000000080a00000, 0x0000000100000000)
  region size 1024K, 23 young (23552K), 4 survivors (4096K)
 Metaspace       used 38778K, committed 39232K, reserved 1089536K
  class space    used 4965K, committed 5184K, reserved 1048576K
}
Event: 3.980 GC heap after
{Heap after GC invocations=15 (full 0):
 garbage-first heap   total 102400K, used 37888K [0x0000000080a00000, 0x0000000100000000)
  region size 1024K, 3 young (3072K), 3 survivors (3072K)
 Metaspace       used 38778K, committed 39232K, reserved 1089536K
  class space    used 4965K, committed 5184K, reserved 1048576K
}
Event: 4.080 GC heap before
{Heap before GC invocations=15 (full 0):
 garbage-first heap   total 102400K, used 75776K [0x0000000080a00000, 0x0000000100000000)
  region size 1024K, 41 young (41984K), 3 survivors (3072K)
 Metaspace       used 38975K, committed 39360K, reserved 1089536K
  class space    used 4986K, committed 5184K, reserved 1048576K
}
Event: 4.090 GC heap after
{Heap after GC invocations=16 (full 0):
 garbage-first heap   total 102400K, used 46989K [0x0000000080a00000, 0x0000000100000000)
  region size 1024K, 6 young (6144K), 6 survivors (6144K)
 Metaspace       used 38975K, committed 39360K, reserved 1089536K
  class space    used 4986K, committed 5184K, reserved 1048576K
}
Event: 4.360 GC heap before
{Heap before GC invocations=16 (full 0):
 garbage-first heap   total 102400K, used 76685K [0x0000000080a00000, 0x0000000100000000)
  region size 1024K, 35 young (35840K), 6 survivors (6144K)
 Metaspace       used 40388K, committed 40768K, reserved 1089536K
  class space    used 5141K, committed 5312K, reserved 1048576K
}
Event: 4.370 GC heap after
{Heap after GC invocations=17 (full 0):
 garbage-first heap   total 102400K, used 57835K [0x0000000080a00000, 0x0000000100000000)
  region size 1024K, 5 young (5120K), 5 survivors (5120K)
 Metaspace       used 40388K, committed 40768K, reserved 1089536K
  class space    used 5141K, committed 5312K, reserved 1048576K
}
Event: 4.514 GC heap before
{Heap before GC invocations=17 (full 0):
 garbage-first heap   total 102400K, used 76267K [0x0000000080a00000, 0x0000000100000000)
  region size 1024K, 24 young (24576K), 5 survivors (5120K)
 Metaspace       used 42443K, committed 42880K, reserved 1089536K
  class space    used 5356K, committed 5568K, reserved 1048576K
}
Event: 4.519 GC heap after
{Heap after GC invocations=18 (full 0):
 garbage-first heap   total 102400K, used 61455K [0x0000000080a00000, 0x0000000100000000)
  region size 1024K, 3 young (3072K), 3 survivors (3072K)
 Metaspace       used 42443K, committed 42880K, reserved 1089536K
  class space    used 5356K, committed 5568K, reserved 1048576K
}
Event: 4.620 GC heap before
{Heap before GC invocations=18 (full 0):
 garbage-first heap   total 135168K, used 79887K [0x0000000080a00000, 0x0000000100000000)
  region size 1024K, 21 young (21504K), 3 survivors (3072K)
 Metaspace       used 44144K, committed 44608K, reserved 1089536K
  class space    used 5549K, committed 5760K, reserved 1048576K
}
Event: 4.628 GC heap after
{Heap after GC invocations=19 (full 0):
 garbage-first heap   total 233472K, used 68608K [0x0000000080a00000, 0x0000000100000000)
  region size 1024K, 3 young (3072K), 3 survivors (3072K)
 Metaspace       used 44144K, committed 44608K, reserved 1089536K
  class space    used 5549K, committed 5760K, reserved 1048576K
}
Event: 4.783 GC heap before
{Heap before GC invocations=20 (full 0):
 garbage-first heap   total 233472K, used 151552K [0x0000000080a00000, 0x0000000100000000)
  region size 1024K, 84 young (86016K), 3 survivors (3072K)
 Metaspace       used 45265K, committed 45760K, reserved 1089536K
  class space    used 5699K, committed 5952K, reserved 1048576K
}
Event: 4.805 GC heap after
{Heap after GC invocations=21 (full 0):
 garbage-first heap   total 233472K, used 81429K [0x0000000080a00000, 0x0000000100000000)
  region size 1024K, 11 young (11264K), 11 survivors (11264K)
 Metaspace       used 45265K, committed 45760K, reserved 1089536K
  class space    used 5699K, committed 5952K, reserved 1048576K
}
Event: 4.810 GC heap before
{Heap before GC invocations=21 (full 0):
 garbage-first heap   total 233472K, used 82453K [0x0000000080a00000, 0x0000000100000000)
  region size 1024K, 12 young (12288K), 11 survivors (11264K)
 Metaspace       used 45275K, committed 45760K, reserved 1089536K
  class space    used 5700K, committed 5952K, reserved 1048576K
}
Event: 4.818 GC heap after
{Heap after GC invocations=22 (full 0):
 garbage-first heap   total 233472K, used 82055K [0x0000000080a00000, 0x0000000100000000)
  region size 1024K, 2 young (2048K), 2 survivors (2048K)
 Metaspace       used 45275K, committed 45760K, reserved 1089536K
  class space    used 5700K, committed 5952K, reserved 1048576K
}
Event: 4.853 GC heap before
{Heap before GC invocations=22 (full 0):
 garbage-first heap   total 233472K, used 157831K [0x0000000080a00000, 0x0000000100000000)
  region size 1024K, 77 young (78848K), 2 survivors (2048K)
 Metaspace       used 45286K, committed 45824K, reserved 1089536K
  class space    used 5701K, committed 5952K, reserved 1048576K
}
Event: 4.855 GC heap after
{Heap after GC invocations=23 (full 0):
 garbage-first heap   total 233472K, used 83888K [0x0000000080a00000, 0x0000000100000000)
  region size 1024K, 4 young (4096K), 4 survivors (4096K)
 Metaspace       used 45286K, committed 45824K, reserved 1089536K
  class space    used 5701K, committed 5952K, reserved 1048576K
}
Event: 4.897 GC heap before
{Heap before GC invocations=23 (full 0):
 garbage-first heap   total 233472K, used 163760K [0x0000000080a00000, 0x0000000100000000)
  region size 1024K, 83 young (84992K), 4 survivors (4096K)
 Metaspace       used 45301K, committed 45824K, reserved 1089536K
  class space    used 5704K, committed 5952K, reserved 1048576K
}
Event: 4.900 GC heap after
{Heap after GC invocations=24 (full 0):
 garbage-first heap   total 233472K, used 87171K [0x0000000080a00000, 0x0000000100000000)
  region size 1024K, 7 young (7168K), 7 survivors (7168K)
 Metaspace       used 45301K, committed 45824K, reserved 1089536K
  class space    used 5704K, committed 5952K, reserved 1048576K
}
Event: 4.936 GC heap before
{Heap before GC invocations=24 (full 0):
 garbage-first heap   total 233472K, used 171139K [0x0000000080a00000, 0x0000000100000000)
  region size 1024K, 90 young (92160K), 7 survivors (7168K)
 Metaspace       used 45329K, committed 45824K, reserved 1089536K
  class space    used 5710K, committed 5952K, reserved 1048576K
}

