# JRE version: OpenJDK Runtime Environment Temurin-17.0.5+8 (17.0.5+8) (build 17.0.5+8)
# Java VM: OpenJDK 64-Bit Server VM Temurin-17.0.5+8 (17.0.5+8, mixed mode, emulated-client, tiered, compressed oops, compressed class ptrs, g1 gc, windows-amd64)
GC Precious Log:
 CPUs: 4 total, 4 available
 Memory: 8150M
 Large Page Support: Disabled
 NUMA Support: Disabled
 Compressed Oops: Enabled (32-bit)
 Heap Region Size: 1M
 Heap Min Capacity: 8M
 Heap Initial Capacity: 128M
 Heap Max Capacity: 2038M
 Pre-touch: Disabled
 Parallel Workers: 4
 Concurrent Workers: 1
 Concurrent Refinement Workers: 4
 Periodic GC: Disabled
Heap:
 garbage-first heap   total 320512K, used 105438K [0x0000000080a00000, 0x0000000100000000)
  region size 1024K, 13 young (13312K), 13 survivors (13312K)
 Metaspace       used 44285K, committed 44736K, reserved 1089536K
  class space    used 5562K, committed 5760K, reserved 1048576K
GC Heap History (20 events):
Event: 11.016 GC heap after
{Heap after GC invocations=21 (full 0):
 garbage-first heap   total 159744K, used 45986K [0x0000000080a00000, 0x0000000100000000)
  region size 1024K, 2 young (2048K), 2 survivors (2048K)
 Metaspace       used 38797K, committed 39232K, reserved 1089536K
  class space    used 4970K, committed 5184K, reserved 1048576K
}
Event: 11.516 GC heap before
{Heap before GC invocations=22 (full 0):
 garbage-first heap   total 159744K, used 114594K [0x0000000080a00000, 0x0000000100000000)
  region size 1024K, 68 young (69632K), 2 survivors (2048K)
 Metaspace       used 42247K, committed 42752K, reserved 1089536K
  class space    used 5309K, committed 5568K, reserved 1048576K
}
Event: 11.533 GC heap after
{Heap after GC invocations=23 (full 0):
 garbage-first heap   total 159744K, used 67989K [0x0000000080a00000, 0x0000000100000000)
  region size 1024K, 9 young (9216K), 9 survivors (9216K)
 Metaspace       used 42247K, committed 42752K, reserved 1089536K
  class space    used 5309K, committed 5568K, reserved 1048576K
}
Event: 11.619 GC heap before
{Heap before GC invocations=23 (full 0):
 garbage-first heap   total 159744K, used 110997K [0x0000000080a00000, 0x0000000100000000)
  region size 1024K, 51 young (52224K), 9 survivors (9216K)
 Metaspace       used 43313K, committed 43840K, reserved 1089536K
  class space    used 5429K, committed 5696K, reserved 1048576K
}
Event: 11.644 GC heap after
{Heap after GC invocations=24 (full 0):
 garbage-first heap   total 159744K, used 79384K [0x0000000080a00000, 0x0000000100000000)
  region size 1024K, 7 young (7168K), 7 survivors (7168K)
 Metaspace       used 43313K, committed 43840K, reserved 1089536K
  class space    used 5429K, committed 5696K, reserved 1048576K
}
Event: 11.671 GC heap before
{Heap before GC invocations=24 (full 0):
 garbage-first heap   total 159744K, used 115224K [0x0000000080a00000, 0x0000000100000000)
  region size 1024K, 43 young (44032K), 7 survivors (7168K)
 Metaspace       used 43430K, committed 43904K, reserved 1089536K
  class space    used 5447K, committed 5696K, reserved 1048576K
}
Event: 11.677 GC heap after
{Heap after GC invocations=25 (full 0):
 garbage-first heap   total 159744K, used 81768K [0x0000000080a00000, 0x0000000100000000)
  region size 1024K, 3 young (3072K), 3 survivors (3072K)
 Metaspace       used 43430K, committed 43904K, reserved 1089536K
  class space    used 5447K, committed 5696K, reserved 1048576K
}
Event: 11.707 GC heap before
{Heap before GC invocations=25 (full 0):
 garbage-first heap   total 159744K, used 118632K [0x0000000080a00000, 0x0000000100000000)
  region size 1024K, 40 young (40960K), 3 survivors (3072K)
 Metaspace       used 43567K, committed 44032K, reserved 1089536K
  class space    used 5462K, committed 5696K, reserved 1048576K
}
Event: 11.708 GC heap after
{Heap after GC invocations=26 (full 0):
 garbage-first heap   total 159744K, used 82900K [0x0000000080a00000, 0x0000000100000000)
  region size 1024K, 4 young (4096K), 4 survivors (4096K)
 Metaspace       used 43567K, committed 44032K, reserved 1089536K
  class space    used 5462K, committed 5696K, reserved 1048576K
}
Event: 11.732 GC heap before
{Heap before GC invocations=26 (full 0):
 garbage-first heap   total 159744K, used 120788K [0x0000000080a00000, 0x0000000100000000)
  region size 1024K, 42 young (43008K), 4 survivors (4096K)
 Metaspace       used 43605K, committed 44096K, reserved 1089536K
  class space    used 5466K, committed 5696K, reserved 1048576K
}
Event: 11.736 GC heap after
{Heap after GC invocations=27 (full 0):
 garbage-first heap   total 320512K, used 84253K [0x0000000080a00000, 0x0000000100000000)
  region size 1024K, 5 young (5120K), 5 survivors (5120K)
 Metaspace       used 43605K, committed 44096K, reserved 1089536K
  class space    used 5466K, committed 5696K, reserved 1048576K
}
Event: 11.844 GC heap before
{Heap before GC invocations=28 (full 0):
 garbage-first heap   total 320512K, used 199965K [0x0000000080a00000, 0x0000000100000000)
  region size 1024K, 120 young (122880K), 5 survivors (5120K)
 Metaspace       used 43667K, committed 44096K, reserved 1089536K
  class space    used 5481K, committed 5696K, reserved 1048576K
}
Event: 11.850 GC heap after
{Heap after GC invocations=29 (full 0):
 garbage-first heap   total 320512K, used 88231K [0x0000000080a00000, 0x0000000100000000)
  region size 1024K, 10 young (10240K), 10 survivors (10240K)
 Metaspace       used 43667K, committed 44096K, reserved 1089536K
  class space    used 5481K, committed 5696K, reserved 1048576K
}
Event: 11.853 GC heap before
{Heap before GC invocations=29 (full 0):
 garbage-first heap   total 320512K, used 92327K [0x0000000080a00000, 0x0000000100000000)
  region size 1024K, 15 young (15360K), 10 survivors (10240K)
 Metaspace       used 43677K, committed 44096K, reserved 1089536K
  class space    used 5482K, committed 5696K, reserved 1048576K
}
Event: 11.859 GC heap after
{Heap after GC invocations=30 (full 0):
 garbage-first heap   total 320512K, used 86993K [0x0000000080a00000, 0x0000000100000000)
  region size 1024K, 2 young (2048K), 2 survivors (2048K)
 Metaspace       used 43677K, committed 44096K, reserved 1089536K
  class space    used 5482K, committed 5696K, reserved 1048576K
}
Event: 11.942 GC heap before
{Heap before GC invocations=30 (full 0):
 garbage-first heap   total 320512K, used 239569K [0x0000000080a00000, 0x0000000100000000)
  region size 1024K, 152 young (155648K), 2 survivors (2048K)
 Metaspace       used 43905K, committed 44352K, reserved 1089536K
  class space    used 5522K, committed 5760K, reserved 1048576K
}
Event: 11.947 GC heap after
{Heap after GC invocations=31 (full 0):
 garbage-first heap   total 320512K, used 92955K [0x0000000080a00000, 0x0000000100000000)
  region size 1024K, 8 young (8192K), 8 survivors (8192K)
 Metaspace       used 43905K, committed 44352K, reserved 1089536K
  class space    used 5522K, committed 5760K, reserved 1048576K
}
Event: 12.011 GC heap before
{Heap before GC invocations=31 (full 0):
 garbage-first heap   total 320512K, used 244507K [0x0000000080a00000, 0x0000000100000000)
  region size 1024K, 157 young (160768K), 8 survivors (8192K)
 Metaspace       used 44210K, committed 44672K, reserved 1089536K
  class space    used 5558K, committed 5760K, reserved 1048576K
}
Event: 12.017 GC heap after
{Heap after GC invocations=32 (full 0):
 garbage-first heap   total 320512K, used 98900K [0x0000000080a00000, 0x0000000100000000)
  region size 1024K, 13 young (13312K), 13 survivors (13312K)
 Metaspace       used 44210K, committed 44672K, reserved 1089536K
  class space    used 5558K, committed 5760K, reserved 1048576K
}
Event: 12.079 GC heap before
{Heap before GC invocations=32 (full 0):
 garbage-first heap   total 320512K, used 251476K [0x0000000080a00000, 0x0000000100000000)
  region size 1024K, 163 young (166912K), 13 survivors (13312K)
 Metaspace       used 44285K, committed 44736K, reserved 1089536K
  class space    used 5562K, committed 5760K, reserved 1048576K
}

