# JRE version: OpenJDK Runtime Environment Temurin-17.0.5+8 (17.0.5+8) (build 17.0.5+8)
# Java VM: OpenJDK 64-Bit Server VM Temurin-17.0.5+8 (17.0.5+8, mixed mode, emulated-client, tiered, compressed oops, compressed class ptrs, g1 gc, windows-amd64)
GC Precious Log:
 CPUs: 4 total, 4 available
 Memory: 8150M
 Large Page Support: Disabled
 NUMA Support: Disabled
 Compressed Oops: Enabled (32-bit)
 Heap Region Size: 1M
 Heap Min Capacity: 8M
 Heap Initial Capacity: 128M
 Heap Max Capacity: 2038M
 Pre-touch: Disabled
 Parallel Workers: 4
 Concurrent Workers: 1
 Concurrent Refinement Workers: 4
 Periodic GC: Disabled
Heap:
 garbage-first heap   total 473088K, used 121314K [0x0000000080a00000, 0x0000000100000000)
  region size 1024K, 22 young (22528K), 22 survivors (22528K)
 Metaspace       used 49700K, committed 50240K, reserved 1097728K
  class space    used 6328K, committed 6592K, reserved 1048576K
GC Heap History (20 events):
Event: 3.886 GC heap after
{Heap after GC invocations=17 (full 0):
 garbage-first heap   total 157696K, used 52743K [0x0000000080a00000, 0x0000000100000000)
  region size 1024K, 4 young (4096K), 4 survivors (4096K)
 Metaspace       used 39452K, committed 39808K, reserved 1089536K
  class space    used 5036K, committed 5184K, reserved 1048576K
}
Event: 4.401 GC heap before
{Heap before GC invocations=18 (full 0):
 garbage-first heap   total 157696K, used 112135K [0x0000000080a00000, 0x0000000100000000)
  region size 1024K, 61 young (62464K), 4 survivors (4096K)
 Metaspace       used 44398K, committed 44864K, reserved 1089536K
  class space    used 5572K, committed 5760K, reserved 1048576K
}
Event: 4.424 GC heap after
{Heap after GC invocations=19 (full 0):
 garbage-first heap   total 157696K, used 70299K [0x0000000080a00000, 0x0000000100000000)
  region size 1024K, 8 young (8192K), 8 survivors (8192K)
 Metaspace       used 44398K, committed 44864K, reserved 1089536K
  class space    used 5572K, committed 5760K, reserved 1048576K
}
Event: 4.431 GC heap before
{Heap before GC invocations=19 (full 0):
 garbage-first heap   total 157696K, used 71323K [0x0000000080a00000, 0x0000000100000000)
  region size 1024K, 9 young (9216K), 8 survivors (8192K)
 Metaspace       used 44398K, committed 44864K, reserved 1089536K
  class space    used 5572K, committed 5760K, reserved 1048576K
}
Event: 4.445 GC heap after
{Heap after GC invocations=20 (full 0):
 garbage-first heap   total 157696K, used 71127K [0x0000000080a00000, 0x0000000100000000)
  region size 1024K, 1 young (1024K), 1 survivors (1024K)
 Metaspace       used 44398K, committed 44864K, reserved 1089536K
  class space    used 5572K, committed 5760K, reserved 1048576K
}
Event: 4.459 GC heap before
{Heap before GC invocations=20 (full 0):
 garbage-first heap   total 157696K, used 74199K [0x0000000080a00000, 0x0000000100000000)
  region size 1024K, 5 young (5120K), 1 survivors (1024K)
 Metaspace       used 44509K, committed 44928K, reserved 1089536K
  class space    used 5586K, committed 5760K, reserved 1048576K
}
Event: 4.465 GC heap after
{Heap after GC invocations=21 (full 0):
 garbage-first heap   total 157696K, used 72609K [0x0000000080a00000, 0x0000000100000000)
  region size 1024K, 3 young (3072K), 3 survivors (3072K)
 Metaspace       used 44509K, committed 44928K, reserved 1089536K
  class space    used 5586K, committed 5760K, reserved 1048576K
}
Event: 4.576 GC heap before
{Heap before GC invocations=21 (full 0):
 garbage-first heap   total 157696K, used 110497K [0x0000000080a00000, 0x0000000100000000)
  region size 1024K, 40 young (40960K), 3 survivors (3072K)
 Metaspace       used 45251K, committed 45760K, reserved 1089536K
  class space    used 5695K, committed 5952K, reserved 1048576K
}
Event: 4.594 GC heap after
{Heap after GC invocations=22 (full 0):
 garbage-first heap   total 157696K, used 80279K [0x0000000080a00000, 0x0000000100000000)
  region size 1024K, 5 young (5120K), 5 survivors (5120K)
 Metaspace       used 45251K, committed 45760K, reserved 1089536K
  class space    used 5695K, committed 5952K, reserved 1048576K
}
Event: 4.628 GC heap before
{Heap before GC invocations=22 (full 0):
 garbage-first heap   total 157696K, used 113047K [0x0000000080a00000, 0x0000000100000000)
  region size 1024K, 38 young (38912K), 5 survivors (5120K)
 Metaspace       used 45264K, committed 45760K, reserved 1089536K
  class space    used 5699K, committed 5952K, reserved 1048576K
}
Event: 4.635 GC heap after
{Heap after GC invocations=23 (full 0):
 garbage-first heap   total 473088K, used 82816K [0x0000000080a00000, 0x0000000100000000)
  region size 1024K, 3 young (3072K), 3 survivors (3072K)
 Metaspace       used 45264K, committed 45760K, reserved 1089536K
  class space    used 5699K, committed 5952K, reserved 1048576K
}
Event: 4.871 GC heap before
{Heap before GC invocations=24 (full 0):
 garbage-first heap   total 473088K, used 295808K [0x0000000080a00000, 0x0000000100000000)
  region size 1024K, 213 young (218112K), 3 survivors (3072K)
 Metaspace       used 45646K, committed 46144K, reserved 1097728K
  class space    used 5748K, committed 6016K, reserved 1048576K
}
Event: 4.879 GC heap after
{Heap after GC invocations=25 (full 0):
 garbage-first heap   total 473088K, used 89788K [0x0000000080a00000, 0x0000000100000000)
  region size 1024K, 10 young (10240K), 10 survivors (10240K)
 Metaspace       used 45646K, committed 46144K, reserved 1097728K
  class space    used 5748K, committed 6016K, reserved 1048576K
}
Event: 4.884 GC heap before
{Heap before GC invocations=25 (full 0):
 garbage-first heap   total 473088K, used 102076K [0x0000000080a00000, 0x0000000100000000)
  region size 1024K, 23 young (23552K), 10 survivors (10240K)
 Metaspace       used 45646K, committed 46144K, reserved 1097728K
  class space    used 5748K, committed 6016K, reserved 1048576K
}
Event: 4.890 GC heap after
{Heap after GC invocations=26 (full 0):
 garbage-first heap   total 473088K, used 89227K [0x0000000080a00000, 0x0000000100000000)
  region size 1024K, 2 young (2048K), 2 survivors (2048K)
 Metaspace       used 45646K, committed 46144K, reserved 1097728K
  class space    used 5748K, committed 6016K, reserved 1048576K
}
Event: 5.174 GC heap before
{Heap before GC invocations=26 (full 0):
 garbage-first heap   total 473088K, used 357515K [0x0000000080a00000, 0x0000000100000000)
  region size 1024K, 265 young (271360K), 2 survivors (2048K)
 Metaspace       used 47546K, committed 48064K, reserved 1097728K
  class space    used 5978K, committed 6208K, reserved 1048576K
}
Event: 5.187 GC heap after
{Heap after GC invocations=27 (full 0):
 garbage-first heap   total 473088K, used 99509K [0x0000000080a00000, 0x0000000100000000)
  region size 1024K, 12 young (12288K), 12 survivors (12288K)
 Metaspace       used 47546K, committed 48064K, reserved 1097728K
  class space    used 5978K, committed 6208K, reserved 1048576K
}
Event: 5.432 GC heap before
{Heap before GC invocations=27 (full 0):
 garbage-first heap   total 473088K, used 363701K [0x0000000080a00000, 0x0000000100000000)
  region size 1024K, 271 young (277504K), 12 survivors (12288K)
 Metaspace       used 48046K, committed 48512K, reserved 1097728K
  class space    used 6069K, committed 6272K, reserved 1048576K
}
Event: 5.453 GC heap after
{Heap after GC invocations=28 (full 0):
 garbage-first heap   total 473088K, used 110789K [0x0000000080a00000, 0x0000000100000000)
  region size 1024K, 23 young (23552K), 23 survivors (23552K)
 Metaspace       used 48046K, committed 48512K, reserved 1097728K
  class space    used 6069K, committed 6272K, reserved 1048576K
}
Event: 5.741 GC heap before
{Heap before GC invocations=28 (full 0):
 garbage-first heap   total 473088K, used 369861K [0x0000000080a00000, 0x0000000100000000)
  region size 1024K, 277 young (283648K), 23 survivors (23552K)
 Metaspace       used 49700K, committed 50240K, reserved 1097728K
  class space    used 6328K, committed 6592K, reserved 1048576K
}

