# JRE version: OpenJDK Runtime Environment Temurin-17.0.5+8 (17.0.5+8) (build 17.0.5+8)
# Java VM: OpenJDK 64-Bit Server VM Temurin-17.0.5+8 (17.0.5+8, mixed mode, emulated-client, tiered, compressed oops, compressed class ptrs, g1 gc, windows-amd64)
GC Precious Log:
 CPUs: 4 total, 4 available
 Memory: 8150M
 Large Page Support: Disabled
 NUMA Support: Disabled
 Compressed Oops: Enabled (32-bit)
 Heap Region Size: 1M
 Heap Min Capacity: 8M
 Heap Initial Capacity: 128M
 Heap Max Capacity: 2038M
 Pre-touch: Disabled
 Parallel Workers: 4
 Concurrent Workers: 1
 Concurrent Refinement Workers: 4
 Periodic GC: Disabled
Heap:
 garbage-first heap   total 211968K, used 69685K [0x0000000080a00000, 0x0000000100000000)
  region size 1024K, 1 young (1024K), 0 survivors (0K)
 Metaspace       used 69334K, committed 69824K, reserved 1114112K
  class space    used 9361K, committed 9600K, reserved 1048576K
GC Heap History (20 events):
Event: 8256.385 GC heap before
{Heap before GC invocations=791 (full 748):
 garbage-first heap   total 211968K, used 69685K [0x0000000080a00000, 0x0000000100000000)
  region size 1024K, 1 young (1024K), 0 survivors (0K)
 Metaspace       used 69334K, committed 69824K, reserved 1114112K
  class space    used 9361K, committed 9600K, reserved 1048576K
}
Event: 8256.431 GC heap after
{Heap after GC invocations=792 (full 749):
 garbage-first heap   total 211968K, used 69685K [0x0000000080a00000, 0x0000000100000000)
  region size 1024K, 0 young (0K), 0 survivors (0K)
 Metaspace       used 69334K, committed 69824K, reserved 1114112K
  class space    used 9361K, committed 9600K, reserved 1048576K
}
Event: 8266.568 GC heap before
{Heap before GC invocations=792 (full 749):
 garbage-first heap   total 211968K, used 69685K [0x0000000080a00000, 0x0000000100000000)
  region size 1024K, 1 young (1024K), 0 survivors (0K)
 Metaspace       used 69334K, committed 69824K, reserved 1114112K
  class space    used 9361K, committed 9600K, reserved 1048576K
}
Event: 8266.614 GC heap after
{Heap after GC invocations=793 (full 750):
 garbage-first heap   total 211968K, used 69685K [0x0000000080a00000, 0x0000000100000000)
  region size 1024K, 0 young (0K), 0 survivors (0K)
 Metaspace       used 69334K, committed 69824K, reserved 1114112K
  class space    used 9361K, committed 9600K, reserved 1048576K
}
Event: 8276.772 GC heap before
{Heap before GC invocations=793 (full 750):
 garbage-first heap   total 211968K, used 69685K [0x0000000080a00000, 0x0000000100000000)
  region size 1024K, 1 young (1024K), 0 survivors (0K)
 Metaspace       used 69334K, committed 69824K, reserved 1114112K
  class space    used 9361K, committed 9600K, reserved 1048576K
}
Event: 8276.819 GC heap after
{Heap after GC invocations=794 (full 751):
 garbage-first heap   total 211968K, used 69685K [0x0000000080a00000, 0x0000000100000000)
  region size 1024K, 0 young (0K), 0 survivors (0K)
 Metaspace       used 69334K, committed 69824K, reserved 1114112K
  class space    used 9361K, committed 9600K, reserved 1048576K
}
Event: 8286.961 GC heap before
{Heap before GC invocations=794 (full 751):
 garbage-first heap   total 211968K, used 69685K [0x0000000080a00000, 0x0000000100000000)
  region size 1024K, 1 young (1024K), 0 survivors (0K)
 Metaspace       used 69334K, committed 69824K, reserved 1114112K
  class space    used 9361K, committed 9600K, reserved 1048576K
}
Event: 8287.006 GC heap after
{Heap after GC invocations=795 (full 752):
 garbage-first heap   total 211968K, used 69685K [0x0000000080a00000, 0x0000000100000000)
  region size 1024K, 0 young (0K), 0 survivors (0K)
 Metaspace       used 69334K, committed 69824K, reserved 1114112K
  class space    used 9361K, committed 9600K, reserved 1048576K
}
Event: 8297.147 GC heap before
{Heap before GC invocations=795 (full 752):
 garbage-first heap   total 211968K, used 69685K [0x0000000080a00000, 0x0000000100000000)
  region size 1024K, 1 young (1024K), 0 survivors (0K)
 Metaspace       used 69334K, committed 69824K, reserved 1114112K
  class space    used 9361K, committed 9600K, reserved 1048576K
}
Event: 8297.192 GC heap after
{Heap after GC invocations=796 (full 753):
 garbage-first heap   total 211968K, used 69685K [0x0000000080a00000, 0x0000000100000000)
  region size 1024K, 0 young (0K), 0 survivors (0K)
 Metaspace       used 69334K, committed 69824K, reserved 1114112K
  class space    used 9361K, committed 9600K, reserved 1048576K
}
Event: 8307.334 GC heap before
{Heap before GC invocations=796 (full 753):
 garbage-first heap   total 211968K, used 69685K [0x0000000080a00000, 0x0000000100000000)
  region size 1024K, 1 young (1024K), 0 survivors (0K)
 Metaspace       used 69334K, committed 69824K, reserved 1114112K
  class space    used 9361K, committed 9600K, reserved 1048576K
}
Event: 8307.380 GC heap after
{Heap after GC invocations=797 (full 754):
 garbage-first heap   total 211968K, used 69685K [0x0000000080a00000, 0x0000000100000000)
  region size 1024K, 0 young (0K), 0 survivors (0K)
 Metaspace       used 69334K, committed 69824K, reserved 1114112K
  class space    used 9361K, committed 9600K, reserved 1048576K
}
Event: 8317.524 GC heap before
{Heap before GC invocations=797 (full 754):
 garbage-first heap   total 211968K, used 69685K [0x0000000080a00000, 0x0000000100000000)
  region size 1024K, 1 young (1024K), 0 survivors (0K)
 Metaspace       used 69334K, committed 69824K, reserved 1114112K
  class space    used 9361K, committed 9600K, reserved 1048576K
}
Event: 8317.569 GC heap after
{Heap after GC invocations=798 (full 755):
 garbage-first heap   total 211968K, used 69685K [0x0000000080a00000, 0x0000000100000000)
  region size 1024K, 0 young (0K), 0 survivors (0K)
 Metaspace       used 69334K, committed 69824K, reserved 1114112K
  class space    used 9361K, committed 9600K, reserved 1048576K
}
Event: 8327.785 GC heap before
{Heap before GC invocations=798 (full 755):
 garbage-first heap   total 211968K, used 69685K [0x0000000080a00000, 0x0000000100000000)
  region size 1024K, 1 young (1024K), 0 survivors (0K)
 Metaspace       used 69334K, committed 69824K, reserved 1114112K
  class space    used 9361K, committed 9600K, reserved 1048576K
}
Event: 8327.833 GC heap after
{Heap after GC invocations=799 (full 756):
 garbage-first heap   total 211968K, used 69685K [0x0000000080a00000, 0x0000000100000000)
  region size 1024K, 0 young (0K), 0 survivors (0K)
 Metaspace       used 69334K, committed 69824K, reserved 1114112K
  class space    used 9361K, committed 9600K, reserved 1048576K
}
Event: 8338.018 GC heap before
{Heap before GC invocations=799 (full 756):
 garbage-first heap   total 211968K, used 69685K [0x0000000080a00000, 0x0000000100000000)
  region size 1024K, 1 young (1024K), 0 survivors (0K)
 Metaspace       used 69334K, committed 69824K, reserved 1114112K
  class space    used 9361K, committed 9600K, reserved 1048576K
}
Event: 8338.101 GC heap after
{Heap after GC invocations=800 (full 757):
 garbage-first heap   total 211968K, used 69685K [0x0000000080a00000, 0x0000000100000000)
  region size 1024K, 0 young (0K), 0 survivors (0K)
 Metaspace       used 69334K, committed 69824K, reserved 1114112K
  class space    used 9361K, committed 9600K, reserved 1048576K
}
Event: 8348.235 GC heap before
{Heap before GC invocations=800 (full 757):
 garbage-first heap   total 211968K, used 69685K [0x0000000080a00000, 0x0000000100000000)
  region size 1024K, 1 young (1024K), 0 survivors (0K)
 Metaspace       used 69334K, committed 69824K, reserved 1114112K
  class space    used 9361K, committed 9600K, reserved 1048576K
}
Event: 8348.281 GC heap after
{Heap after GC invocations=801 (full 758):
 garbage-first heap   total 211968K, used 69685K [0x0000000080a00000, 0x0000000100000000)
  region size 1024K, 0 young (0K), 0 survivors (0K)
 Metaspace       used 69334K, committed 69824K, reserved 1114112K
  class space    used 9361K, committed 9600K, reserved 1048576K
}

